TN:
SF:index.js
FN:13,getStockData
FN:24,(anonymous_1)
FN:35,(anonymous_2)
FN:42,(anonymous_3)
FN:69,(anonymous_4)
FNF:5
FNH:4
FNDA:6,getStockData
FNDA:3,(anonymous_1)
FNDA:14,(anonymous_2)
FNDA:14,(anonymous_3)
FNDA:0,(anonymous_4)
DA:1,1
DA:2,1
DA:3,1
DA:4,1
DA:6,1
DA:7,1
DA:9,1
DA:10,1
DA:14,6
DA:15,6
DA:16,5
DA:18,1
DA:19,1
DA:24,1
DA:25,3
DA:26,3
DA:27,3
DA:33,2
DA:35,14
DA:40,2
DA:42,14
DA:48,2
DA:49,2
DA:51,2
DA:63,1
DA:68,1
DA:69,0
DA:70,0
DA:74,1
LF:29
LH:27
BRDA:7,0,0,1
BRDA:7,0,1,1
BRDA:68,1,0,0
BRDA:68,1,1,1
BRF:4
BRH:3
end_of_record
